#
# A fatal error has been detected by the Java Runtime Environment:
#
#  EXCEPTION_ACCESS_VIOLATION (0xc0000005) at pc=0x00000000671c8624, pid=7396, tid=7392
#
# JRE version: 7.0_11-b21
# Java VM: Java HotSpot(TM) 64-Bit Server VM (23.6-b04 mixed mode windows-amd64 compressed oops)
# Problematic frame:
# C  0x00000000671c8624
#
# Failed to write core dump. Minidumps are not enabled by default on client versions of Windows
#
# If you would like to submit a bug report, please visit:
#   http://bugreport.sun.com/bugreport/crash.jsp
# The crash happened outside the Java Virtual Machine in native code.
# See problematic frame for where to report the bug.
#

---------------  T H R E A D  ---------------

Current thread (0x0000000067bf2800):  JavaThread "AWT-EventQueue-0" [_thread_in_native, id=7392, stack(0x000000008fff0000,0x0000000093ff0000)]

siginfo: ExceptionCode=0xc0000005, reading address 0x0000000000000008

Registers:
RAX=0x000000000000000d, RBX=0x0000000067bf29d8, RCX=0x0000000000000000, RDX=0x000000005c0123c9
RSP=0x0000000093feda48, RBP=0x0000000067bf29d8, RSI=0x00000000d8480a40, RDI=0x000000007e8f8fe0
R8 =0x0000000093feda08, R9 =0x0000000000000005, R10=0x0000000000000000, R11=0x0000000000000202
R12=0x000000005c0123c9, R13=0x0000000000000000, R14=0x0000000093fee1e0, R15=0x0000000067bf2800
RIP=0x00000000671c8624, EFLAGS=0x0000000000010202

Top of Stack: (sp=0x0000000093feda48)
0x0000000093feda48:   0000000067189589 0000000067bf29d8
0x0000000093feda58:   0000000067bf29d8 00000000d8480a40
0x0000000093feda68:   000000007e8f8fe0 0000000000000000
0x0000000093feda78:   00000000d8480a40 0000000093fee1d0
0x0000000093feda88:   000000006716a6b1 0000000067bf29d8
0x0000000093feda98:   0000000000000000 0000000093fedb01
0x0000000093fedaa8:   0000000029b0c174 00000000c655ddf0
0x0000000093fedab8:   000000006718627a 0000000093fee1d0
0x0000000093fedac8:   0000000093fedbc0 0000000067bf29d8
0x0000000093fedad8:   00000000fd1598b8 0000000700000000
0x0000000093fedae8:   0000045200000000 00000000e9769870
0x0000000093fedaf8:   00000000e80142d8 00000000e9066898
0x0000000093fedb08:   000000c600000002 0000053000000000
0x0000000093fedb18:   00000000295f6b74 0000000000000000
0x0000000093fedb28:   00000000fd13ed28 00000000e80142d8
0x0000000093fedb38:   0000000093fee1c8 0000000067bf29d8 

Instructions: (pc=0x00000000671c8624)
0x00000000671c8604:   5e 41 5d 41 5c 5f c3 cc 48 8b 41 08 48 05 00 04
0x00000000671c8614:   00 00 c3 cc 48 8b 41 08 48 8b 80 18 0c 00 00 c3
0x00000000671c8624:   48 8b 49 08 48 85 c9 74 05 e9 0e 72 fe ff 33 c0
0x00000000671c8634:   c3 cc cc cc 48 83 ec 28 48 8b 49 08 48 85 c9 74 


Register to memory mapping:

RAX=0x000000000000000d is an unknown value
RBX=0x0000000067bf29d8 is an unknown value
RCX=0x0000000000000000 is an unknown value
RDX=0x000000005c0123c9 is pointing into the stack for thread: 0x0000000028e78000
RSP=0x0000000093feda48 is pointing into the stack for thread: 0x0000000067bf2800
RBP=0x0000000067bf29d8 is an unknown value
RSI=0x00000000d8480a40 is an unknown value
RDI=0x000000007e8f8fe0 is an unknown value
R8 =0x0000000093feda08 is pointing into the stack for thread: 0x0000000067bf2800
R9 =0x0000000000000005 is an unknown value
R10=0x0000000000000000 is an unknown value
R11=0x0000000000000202 is an unknown value
R12=0x000000005c0123c9 is pointing into the stack for thread: 0x0000000028e78000
R13=0x0000000000000000 is an unknown value
R14=0x0000000093fee1e0 is pointing into the stack for thread: 0x0000000067bf2800
R15=0x0000000067bf2800 is a thread


Stack: [0x000000008fff0000,0x0000000093ff0000],  sp=0x0000000093feda48,  free space=65526k
Native frames: (J=compiled Java code, j=interpreted, Vv=VM code, C=native code)
C  0x00000000671c8624

Java frames: (J=compiled Java code, j=interpreted, Vv=VM code)
j  sun.java2d.windows.GDIBlitLoops.nativeBlit(Lsun/java2d/SurfaceData;Lsun/java2d/SurfaceData;Lsun/java2d/pipe/Region;IIIIIIIIIZ)V+0
j  sun.java2d.windows.GDIBlitLoops.Blit(Lsun/java2d/SurfaceData;Lsun/java2d/SurfaceData;Ljava/awt/Composite;Lsun/java2d/pipe/Region;IIIIII)V+33
J  sun.java2d.pipe.DrawImage.copyImage(Lsun/java2d/SunGraphics2D;Ljava/awt/Image;IILjava/awt/Color;Ljava/awt/image/ImageObserver;)Z
J  javax.swing.RepaintManager$PaintManager.paintDoubleBuffered(Ljavax/swing/JComponent;Ljava/awt/Image;Ljava/awt/Graphics;IIII)V
j  javax.swing.RepaintManager$PaintManager.paint(Ljavax/swing/JComponent;Ljavax/swing/JComponent;Ljava/awt/Graphics;IIII)Z+116
j  javax.swing.RepaintManager.paint(Ljavax/swing/JComponent;Ljavax/swing/JComponent;Ljava/awt/Graphics;IIII)V+52
J  javax.swing.JComponent.paint(Ljava/awt/Graphics;)V
j  java.awt.GraphicsCallback$PaintCallback.run(Ljava/awt/Component;Ljava/awt/Graphics;)V+2
j  sun.awt.SunGraphicsCallback.runOneComponent(Ljava/awt/Component;Ljava/awt/Rectangle;Ljava/awt/Graphics;Ljava/awt/Shape;I)V+155
j  sun.awt.SunGraphicsCallback.runComponents([Ljava/awt/Component;Ljava/awt/Graphics;I)V+194
j  java.awt.Container.paint(Ljava/awt/Graphics;)V+58
j  java.awt.Window.paint(Ljava/awt/Graphics;)V+68
J  javax.swing.RepaintManager.paintDirtyRegions(Ljava/util/Map;)V
j  javax.swing.RepaintManager.paintDirtyRegions()V+46
j  javax.swing.RepaintManager.prePaintDirtyRegions()V+73
j  javax.swing.RepaintManager.access$700(Ljavax/swing/RepaintManager;)V+1
j  javax.swing.RepaintManager$ProcessingRunnable.run()V+37
J  java.awt.EventQueue$3.run()Ljava/lang/Object;
v  ~StubRoutines::call_stub
J  java.security.AccessController.doPrivileged(Ljava/security/PrivilegedAction;Ljava/security/AccessControlContext;)Ljava/lang/Object;
J  java.awt.EventDispatchThread.pumpOneEventForFilters(I)V
J  java.awt.EventDispatchThread.pumpEventsForFilter(ILjava/awt/Conditional;Ljava/awt/EventFilter;)V
j  java.awt.EventDispatchThread.pumpEventsForHierarchy(ILjava/awt/Conditional;Ljava/awt/Component;)V+11
j  java.awt.EventDispatchThread.pumpEvents(ILjava/awt/Conditional;)V+4
j  java.awt.EventDispatchThread.pumpEvents(Ljava/awt/Conditional;)V+3
j  java.awt.EventDispatchThread.run()V+9
v  ~StubRoutines::call_stub

---------------  P R O C E S S  ---------------

Java Threads: ( => current thread )
  0x00000001008ab000 JavaThread "Code Analyzer updating thread" [_thread_blocked, id=8872, stack(0x0000000128000000,0x000000012c000000)]
  0x00000001008aa000 JavaThread "Code Analyzer updating thread" [_thread_blocked, id=7908, stack(0x000000011ea90000,0x0000000122a90000)]
  0x00000001008ad000 JavaThread "Code Analyzer updating thread" [_thread_blocked, id=8860, stack(0x0000000114000000,0x0000000118000000)]
  0x00000000d88d8800 JavaThread "Foxtrot Multi Worker Thread Runner #2" daemon [_thread_blocked, id=1576, stack(0x00000001357d0000,0x00000001397d0000)]
  0x00000000c50e2800 JavaThread "RecordlistTable Timer" daemon [_thread_blocked, id=6528, stack(0x00000000b4fc0000,0x00000000b8fc0000)]
  0x00000000c50e3000 JavaThread "Foxtrot Single Worker Thread #1" daemon [_thread_blocked, id=3492, stack(0x0000000118000000,0x000000011c000000)]
  0x00000000c3f1a800 JavaThread "Active Reference Queue Daemon" daemon [_thread_blocked, id=8000, stack(0x000000010c000000,0x0000000110000000)]
  0x00000000c3f19800 JavaThread "Timer-1" daemon [_thread_blocked, id=7092, stack(0x0000000108000000,0x000000010c000000)]
  0x00000000c3f10800 JavaThread "pool-6-thread-1" [_thread_blocked, id=5152, stack(0x000000000f980000,0x0000000013980000)]
  0x0000000067417000 JavaThread "Swing-Shell" daemon [_thread_blocked, id=5892, stack(0x0000000104000000,0x0000000108000000)]
  0x0000000067416000 JavaThread "MultiThreadedHttpConnectionManager cleanup" daemon [_thread_blocked, id=7400, stack(0x0000000087ff0000,0x000000008bff0000)]
  0x0000000067bfa000 JavaThread "ClipboardMonitor Timer" daemon [_thread_blocked, id=3100, stack(0x00000000cfe60000,0x00000000d3e60000)]
  0x0000000067bf7000 JavaThread "Explorer NavigationContext request queue" daemon [_thread_blocked, id=3576, stack(0x00000000c6e90000,0x00000000cae90000)]
  0x0000000067bf9800 JavaThread "AddressBar directory emptiness poller" daemon [_thread_blocked, id=6908, stack(0x00000000bcfc0000,0x00000000c0fc0000)]
  0x0000000067bf8800 JavaThread "Explorer Refresh Service 607645765" daemon [_thread_blocked, id=6692, stack(0x00000000b8fc0000,0x00000000bcfc0000)]
  0x0000000067bf5800 JavaThread "Thread-4" daemon [_thread_blocked, id=3872, stack(0x00000000afff0000,0x00000000b3ff0000)]
  0x0000000067bf2000 JavaThread "TimerQueue" daemon [_thread_blocked, id=5824, stack(0x00000000abff0000,0x00000000afff0000)]
  0x0000000067bf5000 JavaThread "Prefs Updater" daemon [_thread_blocked, id=5480, stack(0x00000000a3ff0000,0x00000000a7ff0000)]
  0x0000000067bf3800 JavaThread "Thread-3" daemon [_thread_blocked, id=6328, stack(0x0000000093ff0000,0x0000000097ff0000)]
=>0x0000000067bf2800 JavaThread "AWT-EventQueue-0" [_thread_in_native, id=7392, stack(0x000000008fff0000,0x0000000093ff0000)]
  0x0000000067bf1000 JavaThread "AWT-Shutdown" [_thread_blocked, id=2844, stack(0x000000007fff0000,0x0000000083ff0000)]
  0x0000000067bf4000 JavaThread "FelixPackageAdmin" daemon [_thread_blocked, id=5156, stack(0x000000009fff0000,0x00000000a3ff0000)]
  0x0000000067bf0800 JavaThread "FelixStartLevel" daemon [_thread_blocked, id=5944, stack(0x000000009bff0000,0x000000009fff0000)]
  0x0000000067417800 JavaThread "FelixDispatchQueue" daemon [_thread_blocked, id=6776, stack(0x0000000097ff0000,0x000000009bff0000)]
  0x0000000067412000 JavaThread "com.google.common.base.internal.Finalizer" daemon [_thread_blocked, id=6172, stack(0x000000008bff0000,0x000000008fff0000)]
  0x0000000067414800 JavaThread "AWT-Windows" daemon [_thread_in_native, id=6820, stack(0x0000000083ff0000,0x0000000087ff0000)]
  0x0000000067410800 JavaThread "Java2D Disposer" daemon [_thread_blocked, id=6296, stack(0x0000000079340000,0x000000007d340000)]
  0x0000000067413800 JavaThread "Timer-0" [_thread_blocked, id=7192, stack(0x0000000075340000,0x0000000079340000)]
  0x0000000067413000 JavaThread "EventMgr Dispatcher" daemon [_thread_in_native, id=6400, stack(0x0000000071340000,0x0000000075340000)]
  0x0000000028e7a800 JavaThread "Service Thread" daemon [_thread_blocked, id=124, stack(0x000000005f110000,0x0000000063110000)]
  0x0000000028e78000 JavaThread "C2 CompilerThread1" daemon [_thread_blocked, id=7732, stack(0x000000005b110000,0x000000005f110000)]
  0x0000000028bed800 JavaThread "C2 CompilerThread0" daemon [_thread_blocked, id=6484, stack(0x0000000057110000,0x000000005b110000)]
  0x0000000028bec800 JavaThread "Attach Listener" daemon [_thread_blocked, id=1324, stack(0x0000000053010000,0x0000000057010000)]
  0x0000000028e15000 JavaThread "Finalizer" daemon [_thread_blocked, id=868, stack(0x000000004f010000,0x0000000053010000)]
  0x0000000028e14800 JavaThread "Reference Handler" daemon [_thread_blocked, id=3736, stack(0x000000004b010000,0x000000004f010000)]
  0x0000000028bd7800 JavaThread "main" [_thread_in_native, id=804, stack(0x0000000000040000,0x0000000004040000)]

Other Threads:
  0x0000000028e10000 VMThread [stack: 0x0000000047010000,0x000000004b010000] [id=5344]
  0x0000000028eb4000 WatcherThread [stack: 0x0000000063110000,0x0000000067110000] [id=1400]

VM state:not at safepoint (normal execution)

VM Mutex/Monitor currently owned by a thread: None

Heap
 PSYoungGen      total 61568K, used 51072K [0x00000000fa000000, 0x00000000ffe10000, 0x0000000100000000)
  eden space 61312K, 82% used [0x00000000fa000000,0x00000000fd1a8228,0x00000000fdbe0000)
  from space 256K, 87% used [0x00000000ffda0000,0x00000000ffdd8000,0x00000000ffde0000)
  to   space 192K, 0% used [0x00000000ffde0000,0x00000000ffde0000,0x00000000ffe10000)
 ParOldGen       total 92928K, used 70552K [0x00000000e8000000, 0x00000000edac0000, 0x00000000fa000000)
  object space 92928K, 75% used [0x00000000e8000000,0x00000000ec4e60f8,0x00000000edac0000)
 PSPermGen       total 96320K, used 74548K [0x00000000e0000000, 0x00000000e5e10000, 0x00000000e8000000)
  object space 96320K, 77% used [0x00000000e0000000,0x00000000e48cd260,0x00000000e5e10000)

Card table byte_map: [0x000000002c3f0000,0x000000002c500000] byte_map_base: 0x000000002bcf0000

Polling page: 0x000000000f800000

Code Cache  [0x00000000293f0000, 0x000000002a080000, 0x000000002c3f0000)
 total_blobs=4688 nmethods=3952 adapters=683 free_code_cache=36658Kb largest_free_block=37205952

Compilation events (10 events):
Event: 71198.600 Thread 0x0000000028e78000  100 % !         com.mathworks.services.Prefs$SavePrefsThread::run @ 0 (58 bytes)
Event: 71198.607 Thread 0x0000000028e78000 nmethod 100% 0x0000000029bc2a50 code [0x0000000029bc2bc0, 0x0000000029bc2fd8]
Event: 71475.973 Thread 0x0000000028bed800 4577   !         com.mathworks.util.RequestQueue$2::run (50 bytes)
Event: 71475.976 Thread 0x0000000028bed800 nmethod 4577 0x0000000029c0a110 code [0x0000000029c0a2a0, 0x0000000029c0a6e0]
Event: 71661.962 Thread 0x0000000028e78000 4578  s          java.beans.ChangeListenerMap::get (25 bytes)
Event: 71661.968 Thread 0x0000000028e78000 nmethod 4578 0x0000000029b51b50 code [0x0000000029b51cc0, 0x0000000029b52428]
Event: 71898.941 Thread 0x0000000028bed800 4579             java.util.TimSort::mergeLo (655 bytes)
Event: 71898.971 Thread 0x0000000028bed800 nmethod 4579 0x0000000029ffad90 code [0x0000000029ffaf60, 0x0000000029ffc260]
Event: 72373.063 Thread 0x0000000028e78000 4580   !         java.awt.EventQueue::removeSourceEvents (263 bytes)
Event: 72373.111 Thread 0x0000000028e78000 nmethod 4580 0x0000000029ff9190 code [0x0000000029ff9400, 0x0000000029ff9f58]

GC Heap History (10 events):
Event: 71598.993 GC heap before
{Heap before GC invocations=893 (full 12):
 PSYoungGen      total 73152K, used 73143K [0x00000000fa000000, 0x00000000ffe80000, 0x0000000100000000)
  eden space 72896K, 100% used [0x00000000fa000000,0x00000000fe730000,0x00000000fe730000)
  from space 256K, 96% used [0x00000000ffe40000,0x00000000ffe7de60,0x00000000ffe80000)
  to   space 256K, 0% used [0x00000000ffe00000,0x00000000ffe00000,0x00000000ffe40000)
 ParOldGen       total 92928K, used 70173K [0x00000000e8000000, 0x00000000edac0000, 0x00000000fa000000)
  object space 92928K, 75% used [0x00000000e8000000,0x00000000ec487770,0x00000000edac0000)
 PSPermGen       total 96320K, used 74548K [0x00000000e0000000, 0x00000000e5e10000, 0x00000000e8000000)
  object space 96320K, 77% used [0x00000000e0000000,0x00000000e48cd110,0x00000000e5e10000)
Event: 71598.996 GC heap after
Heap after GC invocations=893 (full 12):
 PSYoungGen      total 70592K, used 256K [0x00000000fa000000, 0x00000000ffe50000, 0x0000000100000000)
  eden space 70336K, 0% used [0x00000000fa000000,0x00000000fa000000,0x00000000fe4b0000)
  from space 256K, 100% used [0x00000000ffe00000,0x00000000ffe40000,0x00000000ffe40000)
  to   space 64K, 0% used [0x00000000ffe40000,0x00000000ffe40000,0x00000000ffe50000)
 ParOldGen       total 92928K, used 70328K [0x00000000e8000000, 0x00000000edac0000, 0x00000000fa000000)
  object space 92928K, 75% used [0x00000000e8000000,0x00000000ec4ae0e8,0x00000000edac0000)
 PSPermGen       total 96320K, used 74548K [0x00000000e0000000, 0x00000000e5e10000, 0x00000000e8000000)
  object space 96320K, 77% used [0x00000000e0000000,0x00000000e48cd110,0x00000000e5e10000)
}
Event: 71701.001 GC heap before
{Heap before GC invocations=894 (full 12):
 PSYoungGen      total 70592K, used 70592K [0x00000000fa000000, 0x00000000ffe50000, 0x0000000100000000)
  eden space 70336K, 100% used [0x00000000fa000000,0x00000000fe4b0000,0x00000000fe4b0000)
  from space 256K, 100% used [0x00000000ffe00000,0x00000000ffe40000,0x00000000ffe40000)
  to   space 64K, 0% used [0x00000000ffe40000,0x00000000ffe40000,0x00000000ffe50000)
 ParOldGen       total 92928K, used 70328K [0x00000000e8000000, 0x00000000edac0000, 0x00000000fa000000)
  object space 92928K, 75% used [0x00000000e8000000,0x00000000ec4ae0e8,0x00000000edac0000)
 PSPermGen       total 96320K, used 74548K [0x00000000e0000000, 0x00000000e5e10000, 0x00000000e8000000)
  object space 96320K, 77% used [0x00000000e0000000,0x00000000e48cd110,0x00000000e5e10000)
Event: 71701.004 GC heap after
Heap after GC invocations=894 (full 12):
 PSYoungGen      total 67968K, used 64K [0x00000000fa000000, 0x00000000ffe50000, 0x0000000100000000)
  eden space 67904K, 0% used [0x00000000fa000000,0x00000000fa000000,0x00000000fe250000)
  from space 64K, 100% used [0x00000000ffe40000,0x00000000ffe50000,0x00000000ffe50000)
  to   space 320K, 0% used [0x00000000ffdb0000,0x00000000ffdb0000,0x00000000ffe00000)
 ParOldGen       total 92928K, used 70424K [0x00000000e8000000, 0x00000000edac0000, 0x00000000fa000000)
  object space 92928K, 75% used [0x00000000e8000000,0x00000000ec4c60e8,0x00000000edac0000)
 PSPermGen       total 96320K, used 74548K [0x00000000e0000000, 0x00000000e5e10000, 0x00000000e8000000)
  object space 96320K, 77% used [0x00000000e0000000,0x00000000e48cd110,0x00000000e5e10000)
}
Event: 71805.982 GC heap before
{Heap before GC invocations=895 (full 12):
 PSYoungGen      total 67968K, used 67968K [0x00000000fa000000, 0x00000000ffe50000, 0x0000000100000000)
  eden space 67904K, 100% used [0x00000000fa000000,0x00000000fe250000,0x00000000fe250000)
  from space 64K, 100% used [0x00000000ffe40000,0x00000000ffe50000,0x00000000ffe50000)
  to   space 320K, 0% used [0x00000000ffdb0000,0x00000000ffdb0000,0x00000000ffe00000)
 ParOldGen       total 92928K, used 70424K [0x00000000e8000000, 0x00000000edac0000, 0x00000000fa000000)
  object space 92928K, 75% used [0x00000000e8000000,0x00000000ec4c60e8,0x00000000edac0000)
 PSPermGen       total 96320K, used 74548K [0x00000000e0000000, 0x00000000e5e10000, 0x00000000e8000000)
  object space 96320K, 77% used [0x00000000e0000000,0x00000000e48cd110,0x00000000e5e10000)
Event: 71805.986 GC heap after
Heap after GC invocations=895 (full 12):
 PSYoungGen      total 65920K, used 256K [0x00000000fa000000, 0x00000000ffe50000, 0x0000000100000000)
  eden space 65600K, 0% used [0x00000000fa000000,0x00000000fa000000,0x00000000fe010000)
  from space 320K, 80% used [0x00000000ffdb0000,0x00000000ffdf0000,0x00000000ffe00000)
  to   space 320K, 0% used [0x00000000ffe00000,0x00000000ffe00000,0x00000000ffe50000)
 ParOldGen       total 92928K, used 70472K [0x00000000e8000000, 0x00000000edac0000, 0x00000000fa000000)
  object space 92928K, 75% used [0x00000000e8000000,0x00000000ec4d20f8,0x00000000edac0000)
 PSPermGen       total 96320K, used 74548K [0x00000000e0000000, 0x00000000e5e10000, 0x00000000e8000000)
  object space 96320K, 77% used [0x00000000e0000000,0x00000000e48cd110,0x00000000e5e10000)
}
Event: 71898.972 GC heap before
{Heap before GC invocations=896 (full 12):
 PSYoungGen      total 65920K, used 65856K [0x00000000fa000000, 0x00000000ffe50000, 0x0000000100000000)
  eden space 65600K, 100% used [0x00000000fa000000,0x00000000fe010000,0x00000000fe010000)
  from space 320K, 80% used [0x00000000ffdb0000,0x00000000ffdf0000,0x00000000ffe00000)
  to   space 320K, 0% used [0x00000000ffe00000,0x00000000ffe00000,0x00000000ffe50000)
 ParOldGen       total 92928K, used 70472K [0x00000000e8000000, 0x00000000edac0000, 0x00000000fa000000)
  object space 92928K, 75% used [0x00000000e8000000,0x00000000ec4d20f8,0x00000000edac0000)
 PSPermGen       total 96320K, used 74548K [0x00000000e0000000, 0x00000000e5e10000, 0x00000000e8000000)
  object space 96320K, 77% used [0x00000000e0000000,0x00000000e48cd110,0x00000000e5e10000)
Event: 71898.976 GC heap after
Heap after GC invocations=896 (full 12):
 PSYoungGen      total 63680K, used 256K [0x00000000fa000000, 0x00000000ffe40000, 0x0000000100000000)
  eden space 63424K, 0% used [0x00000000fa000000,0x00000000fa000000,0x00000000fddf0000)
  from space 256K, 100% used [0x00000000ffe00000,0x00000000ffe40000,0x00000000ffe40000)
  to   space 320K, 0% used [0x00000000ffda0000,0x00000000ffda0000,0x00000000ffdf0000)
 ParOldGen       total 92928K, used 70512K [0x00000000e8000000, 0x00000000edac0000, 0x00000000fa000000)
  object space 92928K, 75% used [0x00000000e8000000,0x00000000ec4dc0f8,0x00000000edac0000)
 PSPermGen       total 96320K, used 74548K [0x00000000e0000000, 0x00000000e5e10000, 0x00000000e8000000)
  object space 96320K, 77% used [0x00000000e0000000,0x00000000e48cd110,0x00000000e5e10000)
}
Event: 72363.275 GC heap before
{Heap before GC invocations=897 (full 12):
 PSYoungGen      total 63680K, used 63680K [0x00000000fa000000, 0x00000000ffe40000, 0x0000000100000000)
  eden space 63424K, 100% used [0x00000000fa000000,0x00000000fddf0000,0x00000000fddf0000)
  from space 256K, 100% used [0x00000000ffe00000,0x00000000ffe40000,0x00000000ffe40000)
  to   space 320K, 0% used [0x00000000ffda0000,0x00000000ffda0000,0x00000000ffdf0000)
 ParOldGen       total 92928K, used 70512K [0x00000000e8000000, 0x00000000edac0000, 0x00000000fa000000)
  object space 92928K, 75% used [0x00000000e8000000,0x00000000ec4dc0f8,0x00000000edac0000)
 PSPermGen       total 96320K, used 74548K [0x00000000e0000000, 0x00000000e5e10000, 0x00000000e8000000)
  object space 96320K, 77% used [0x00000000e0000000,0x00000000e48cd110,0x00000000e5e10000)
Event: 72363.281 GC heap after
Heap after GC invocations=897 (full 12):
 PSYoungGen      total 61568K, used 224K [0x00000000fa000000, 0x00000000ffe10000, 0x0000000100000000)
  eden space 61312K, 0% used [0x00000000fa000000,0x00000000fa000000,0x00000000fdbe0000)
  from space 256K, 87% used [0x00000000ffda0000,0x00000000ffdd8000,0x00000000ffde0000)
  to   space 192K, 0% used [0x00000000ffde0000,0x00000000ffde0000,0x00000000ffe10000)
 ParOldGen       total 92928K, used 70552K [0x00000000e8000000, 0x00000000edac0000, 0x00000000fa000000)
  object space 92928K, 75% used [0x00000000e8000000,0x00000000ec4e60f8,0x00000000edac0000)
 PSPermGen       total 96320K, used 74548K [0x00000000e0000000, 0x00000000e5e10000, 0x00000000e8000000)
  object space 96320K, 77% used [0x00000000e0000000,0x00000000e48cd110,0x00000000e5e10000)
}

Deoptimization events (10 events):
Event: 70539.162 Thread 0x0000000028e14800 Uncommon trap -34 fr.pc 0x0000000029562018
Event: 70544.675 Thread 0x0000000067bf2800 Uncommon trap -12 fr.pc 0x0000000029c3e4f4
Event: 70544.689 Thread 0x0000000067bf2800 Uncommon trap -12 fr.pc 0x0000000029e9a25c
Event: 71475.971 Thread 0x0000000067bf2800 Uncommon trap -12 fr.pc 0x000000002a024ec4
Event: 71898.980 Thread 0x0000000067bf2800 Uncommon trap -42 fr.pc 0x0000000029ffbab0
Event: 71898.984 Thread 0x0000000067bf2800 Uncommon trap -42 fr.pc 0x0000000029ffbab0
Event: 71898.987 Thread 0x0000000067bf2800 Uncommon trap -42 fr.pc 0x0000000029ffbab0
Event: 71898.989 Thread 0x0000000067bf2800 Uncommon trap -42 fr.pc 0x0000000029ffbab0
Event: 72366.592 Thread 0x0000000067bf2800 Uncommon trap -34 fr.pc 0x0000000029852be8
Event: 72372.594 Thread 0x0000000067bf2800 Uncommon trap -34 fr.pc 0x0000000029baeda4

Internal exceptions (10 events):
Event: 70539.348 Thread 0x0000000028e15000 Threw 0x00000000fa2bb008 at C:\jdk7u1_64p\jdk7u11\hotspot\src\share\vm\interpreter\interpreterRuntime.cpp:362
Event: 70539.348 Thread 0x0000000028e15000 Threw 0x00000000fa2bb1e0 at C:\jdk7u1_64p\jdk7u11\hotspot\src\share\vm\interpreter\interpreterRuntime.cpp:362
Event: 70539.516 Thread 0x0000000028e15000 Threw 0x00000000fb3a7e88 at C:\jdk7u1_64p\jdk7u11\hotspot\src\share\vm\interpreter\interpreterRuntime.cpp:362
Event: 70539.516 Thread 0x0000000028e15000 Threw 0x00000000fb3a8060 at C:\jdk7u1_64p\jdk7u11\hotspot\src\share\vm\interpreter\interpreterRuntime.cpp:362
Event: 70539.516 Thread 0x0000000028e15000 Threw 0x00000000fb3a8238 at C:\jdk7u1_64p\jdk7u11\hotspot\src\share\vm\interpreter\interpreterRuntime.cpp:362
Event: 70539.517 Thread 0x0000000028e15000 Threw 0x00000000fb3a8410 at C:\jdk7u1_64p\jdk7u11\hotspot\src\share\vm\interpreter\interpreterRuntime.cpp:362
Event: 70539.649 Thread 0x0000000028e15000 Threw 0x00000000fa44d728 at C:\jdk7u1_64p\jdk7u11\hotspot\src\share\vm\interpreter\interpreterRuntime.cpp:362
Event: 70539.649 Thread 0x0000000028e15000 Threw 0x00000000fa44d900 at C:\jdk7u1_64p\jdk7u11\hotspot\src\share\vm\interpreter\interpreterRuntime.cpp:362
Event: 70544.675 Thread 0x0000000067bf2800 Implicit null exception at 0x0000000029c3df38 to 0x0000000029c3e4c5
Event: 70544.689 Thread 0x0000000067bf2800 Implicit null exception at 0x0000000029e9a090 to 0x0000000029e9a24d

Events (10 events):
Event: 72133.959 Executing VM operation: RevokeBias done
Event: 72133.959 Thread 0x00000001008af800 Thread exited: 0x00000001008af800
Event: 72363.274 Executing VM operation: ParallelGCFailedAllocation
Event: 72363.282 Executing VM operation: ParallelGCFailedAllocation done
Event: 72363.282 Executing VM operation: BulkRevokeBias
Event: 72363.282 Executing VM operation: BulkRevokeBias done
Event: 72366.592 Thread 0x0000000067bf2800 DEOPT PACKING pc=0x0000000029852be8 sp=0x0000000093feb780
Event: 72366.593 Thread 0x0000000067bf2800 DEOPT UNPACKING pc=0x0000000029429164 sp=0x0000000093feb4e0 mode 2
Event: 72372.594 Thread 0x0000000067bf2800 DEOPT PACKING pc=0x0000000029baeda4 sp=0x0000000093fedfe0
Event: 72372.594 Thread 0x0000000067bf2800 DEOPT UNPACKING pc=0x0000000029429164 sp=0x0000000093fedbc8 mode 2


Dynamic libraries:
0x0000000140000000 - 0x0000000140029000 	C:\Program Files\MATLAB\R2013b\bin\win64\MATLAB.exe
0x00007ff8c5d70000 - 0x00007ff8c5f19000 	C:\Windows\SYSTEM32\ntdll.dll
0x00007ff8c5b60000 - 0x00007ff8c5c99000 	C:\Windows\system32\KERNEL32.DLL
0x00007ff8c31c0000 - 0x00007ff8c32ce000 	C:\Windows\system32\KERNELBASE.dll
0x00007ff8c0dc0000 - 0x00007ff8c0e4b000 	C:\Windows\system32\apphelp.dll
0x000000006f060000 - 0x000000006f3dc000 	C:\Program Files\MATLAB\R2013b\bin\win64\libmwservices.dll
0x000000006e4d0000 - 0x000000006e57d000 	C:\Program Files\MATLAB\R2013b\bin\win64\mcr.dll
0x000000006ad70000 - 0x000000006aedf000 	C:\Program Files\MATLAB\R2013b\bin\win64\mvm.dll
0x0000000070f70000 - 0x0000000071008000 	C:\Program Files\MATLAB\R2013b\bin\win64\MSVCP100.dll
0x0000000070e90000 - 0x0000000070f62000 	C:\Program Files\MATLAB\R2013b\bin\win64\MSVCR100.dll
0x000000006fe80000 - 0x000000006ff56000 	C:\Program Files\MATLAB\R2013b\bin\win64\libmwi18n.dll
0x0000000004310000 - 0x00000000043cb000 	C:\Program Files\MATLAB\R2013b\bin\win64\libut.dll
0x000000006f960000 - 0x000000006fb07000 	C:\Program Files\MATLAB\R2013b\bin\win64\libmwfl.dll
0x00000000043d0000 - 0x00000000044cb000 	C:\Program Files\MATLAB\R2013b\bin\win64\libmx.dll
0x000000006ef00000 - 0x000000006ef4e000 	C:\Program Files\MATLAB\R2013b\bin\win64\libmwregexp.dll
0x000000006eeb0000 - 0x000000006eef7000 	C:\Program Files\MATLAB\R2013b\bin\win64\mpath.dll
0x00000000044d0000 - 0x0000000004af8000 	C:\Program Files\MATLAB\R2013b\bin\win64\mlutil.dll
0x0000000004b00000 - 0x0000000004f0f000 	C:\Program Files\MATLAB\R2013b\bin\win64\libmwMATLAB_res.dll
0x000000006e5f0000 - 0x000000006e613000 	C:\Program Files\MATLAB\R2013b\bin\win64\libmwMATLAB_settings_res.dll
0x000000006e580000 - 0x000000006e586000 	C:\Program Files\MATLAB\R2013b\bin\win64\libmwnativedisplay.dll
0x00000000685f0000 - 0x000000006863d000 	C:\Program Files\MATLAB\R2013b\bin\win64\opccore.dll
0x00000000684f0000 - 0x00000000685c6000 	C:\Program Files\MATLAB\R2013b\bin\win64\opcmodel.dll
0x00000000684c0000 - 0x00000000684ed000 	C:\Program Files\MATLAB\R2013b\bin\win64\opczippackage.dll
0x0000000068340000 - 0x00000000683a6000 	C:\Program Files\MATLAB\R2013b\bin\win64\opcmwservices.dll
0x0000000070e80000 - 0x0000000070e8e000 	C:\Program Files\MATLAB\R2013b\bin\win64\boost_date_time-vc100-mt-1_49.dll
0x0000000070e50000 - 0x0000000070e7c000 	C:\Program Files\MATLAB\R2013b\bin\win64\boost_filesystem-vc100-mt-1_49.dll
0x0000000070e40000 - 0x0000000070e50000 	C:\Program Files\MATLAB\R2013b\bin\win64\boost_iostreams-vc100-mt-1_49.dll
0x0000000070df0000 - 0x0000000070e36000 	C:\Program Files\MATLAB\R2013b\bin\win64\boost_serialization-vc100-mt-1_49.dll
0x0000000070de0000 - 0x0000000070de9000 	C:\Program Files\MATLAB\R2013b\bin\win64\boost_system-vc100-mt-1_49.dll
0x0000000070dc0000 - 0x0000000070dd1000 	C:\Program Files\MATLAB\R2013b\bin\win64\boost_thread-vc100-mt-1_49.dll
0x0000000070d30000 - 0x0000000070dbc000 	C:\Program Files\MATLAB\R2013b\bin\win64\boost_log-vc100-mt-1_49.dll
0x00007ff8c5310000 - 0x00007ff8c53b5000 	C:\Windows\system32\ADVAPI32.dll
0x00007ff8c32d0000 - 0x00007ff8c3371000 	C:\Windows\WinSxS\amd64_microsoft.windows.common-controls_6595b64144ccf1df_5.82.9600.16384_none_34a8918f959016ea\COMCTL32.dll
0x00007ff8c3600000 - 0x00007ff8c369a000 	C:\Windows\system32\COMDLG32.dll
0x00007ff8be070000 - 0x00007ff8be085000 	C:\Windows\SYSTEM32\NETAPI32.dll
0x00007ff8c56c0000 - 0x00007ff8c5718000 	C:\Windows\system32\WS2_32.dll
0x00007ff8bdca0000 - 0x00007ff8bdcd3000 	C:\Program Files\MATLAB\R2013b\bin\win64\tbb.dll
0x0000000070ae0000 - 0x0000000070d21000 	C:\Program Files\MATLAB\R2013b\bin\win64\xerces-c_2_7.dll
0x00007ff8c59d0000 - 0x00007ff8c5b41000 	C:\Windows\system32\USER32.dll
0x00007ff8c3f00000 - 0x00007ff8c530f000 	C:\Windows\system32\SHELL32.dll
0x00007ff8c5720000 - 0x00007ff8c5896000 	C:\Windows\system32\ole32.dll
0x00007ff8c5cb0000 - 0x00007ff8c5d67000 	C:\Windows\system32\OLEAUT32.dll
0x000000006e110000 - 0x000000006e4d0000 	C:\Program Files\MATLAB\R2013b\bin\win64\iqm.dll
0x000000006c710000 - 0x000000006c73f000 	C:\Program Files\MATLAB\R2013b\bin\win64\libmwbridge.dll
0x000000006d760000 - 0x000000006d784000 	C:\Program Files\MATLAB\R2013b\bin\win64\libmex.dll
0x0000000180000000 - 0x00000001800c2000 	C:\Program Files\MATLAB\R2013b\bin\win64\m_dispatcher.dll
0x0000000004f10000 - 0x0000000005172000 	C:\Program Files\MATLAB\R2013b\bin\win64\mcos.dll
0x000000006c500000 - 0x000000006c651000 	C:\Program Files\MATLAB\R2013b\bin\win64\libmwgui.dll
0x000000006bac0000 - 0x000000006c426000 	C:\Program Files\MATLAB\R2013b\bin\win64\hg.dll
0x000000006b3a0000 - 0x000000006b4b2000 	C:\Program Files\MATLAB\R2013b\bin\win64\hgutils.dll
0x0000000005180000 - 0x000000000597b000 	C:\Program Files\MATLAB\R2013b\bin\win64\m_interpreter.dll
0x000000006b780000 - 0x000000006b848000 	C:\Program Files\MATLAB\R2013b\bin\win64\jmi.dll
0x000000006b2f0000 - 0x000000006b39e000 	C:\Program Files\MATLAB\R2013b\bin\win64\udd_mi.dll
0x000000006afc0000 - 0x000000006b28f000 	C:\Program Files\MATLAB\R2013b\bin\win64\uiw.dll
0x000000006af50000 - 0x000000006af6d000 	C:\Program Files\MATLAB\R2013b\bin\win64\mwoles05.DLL
0x000000006aee0000 - 0x000000006af4c000 	C:\Program Files\MATLAB\R2013b\bin\win64\comcli.dll
0x0000000000020000 - 0x000000000002c000 	C:\Program Files\MATLAB\R2013b\bin\win64\mlautoregister.dll
0x000000006fe70000 - 0x000000006fe7d000 	C:\Program Files\MATLAB\R2013b\bin\win64\libmwresource_core.dll
0x0000000070ab0000 - 0x0000000070ad5000 	C:\Program Files\MATLAB\R2013b\bin\win64\LIBEXPAT.dll
0x0000000070920000 - 0x0000000070aaa000 	C:\Program Files\MATLAB\R2013b\bin\win64\icuin49.dll
0x00000000707e0000 - 0x000000007091e000 	C:\Program Files\MATLAB\R2013b\bin\win64\icuuc49.dll
0x00000000707d0000 - 0x00000000707e0000 	C:\Program Files\MATLAB\R2013b\bin\win64\icuio49.dll
0x00007ff8c5420000 - 0x00007ff8c5427000 	C:\Windows\system32\PSAPI.DLL
0x00000000706f0000 - 0x00000000707cf000 	C:\Program Files\MATLAB\R2013b\bin\win64\boost_regex-vc100-mt-1_49.dll
0x00000000706d0000 - 0x00000000706e1000 	C:\Program Files\MATLAB\R2013b\bin\win64\boost_signals-vc100-mt-1_49.dll
0x00007ff8c59b0000 - 0x00007ff8c59c5000 	C:\Windows\system32\imagehlp.dll
0x00007ff8c3090000 - 0x00007ff8c30d5000 	C:\Windows\SYSTEM32\POWRPROF.dll
0x00007ff8bdc40000 - 0x00007ff8bdc68000 	C:\Program Files\MATLAB\R2013b\bin\win64\tbbmalloc.dll
0x00000000706b0000 - 0x00000000706c7000 	C:\Program Files\MATLAB\R2013b\bin\win64\zlib1.dll
0x000000006e870000 - 0x000000006e8e7000 	C:\Program Files\MATLAB\R2013b\bin\win64\xmlcore.dll
0x00000000706a0000 - 0x00000000706ae000 	C:\Program Files\MATLAB\R2013b\bin\win64\libminizip.dll
0x00007ff8c5900000 - 0x00007ff8c59a7000 	C:\Windows\system32\msvcrt.dll
0x00007ff8c58a0000 - 0x00007ff8c58f7000 	C:\Windows\SYSTEM32\sechost.dll
0x00007ff8c36a0000 - 0x00007ff8c37d6000 	C:\Windows\system32\RPCRT4.dll
0x00007ff8c37e0000 - 0x00007ff8c3925000 	C:\Windows\system32\GDI32.dll
0x00007ff8c5570000 - 0x00007ff8c55c1000 	C:\Windows\system32\SHLWAPI.dll
0x00007ff8c23a0000 - 0x00007ff8c23ac000 	C:\Windows\SYSTEM32\netutils.dll
0x00007ff8c2d00000 - 0x00007ff8c2d25000 	C:\Windows\SYSTEM32\srvcli.dll
0x00007ff8be030000 - 0x00007ff8be046000 	C:\Windows\SYSTEM32\wkscli.dll
0x00007ff8c5ca0000 - 0x00007ff8c5ca9000 	C:\Windows\system32\NSI.dll
0x00007ff8c3ae0000 - 0x00007ff8c3cb7000 	C:\Windows\SYSTEM32\combase.dll
0x0000000005980000 - 0x0000000005a36000 	C:\Program Files\MATLAB\R2013b\bin\win64\udd.dll
0x000000006c4d0000 - 0x000000006c4f8000 	C:\Program Files\MATLAB\R2013b\bin\win64\graphics_util.dll
0x000000006ba60000 - 0x000000006babd000 	C:\Program Files\MATLAB\R2013b\bin\win64\libmat.dll
0x000000006b730000 - 0x000000006b772000 	C:\Program Files\MATLAB\R2013b\bin\win64\libmwhardcopy.dll
0x000000006b6d0000 - 0x000000006b72e000 	C:\Program Files\MATLAB\R2013b\bin\win64\libuij.dll
0x0000000005a40000 - 0x0000000005c45000 	C:\Program Files\MATLAB\R2013b\bin\win64\hgdatatypes.dll
0x000000006ced0000 - 0x000000006cf4f000 	C:\Program Files\MATLAB\R2013b\bin\win64\libmwlapack.dll
0x000000006b2b0000 - 0x000000006b2e6000 	C:\Program Files\MATLAB\R2013b\bin\win64\libmwgbtutils.dll
0x000000006b290000 - 0x000000006b2a3000 	C:\Program Files\MATLAB\R2013b\bin\win64\libmwgbt.dll
0x0000000070140000 - 0x000000007069d000 	C:\Program Files\MATLAB\R2013b\bin\win64\mfc100.dll
0x00007ff8c1140000 - 0x00007ff8c11bb000 	C:\Windows\SYSTEM32\WINSPOOL.DRV
0x000000006d6e0000 - 0x000000006d75b000 	C:\Program Files\MATLAB\R2013b\bin\win64\profiler.dll
0x000000006d450000 - 0x000000006d5c8000 	C:\Program Files\MATLAB\R2013b\bin\win64\libmwmathutil.dll
0x000000006d420000 - 0x000000006d447000 	C:\Program Files\MATLAB\R2013b\bin\win64\libmwmathrng.dll
0x000000006ceb0000 - 0x000000006ced0000 	C:\Program Files\MATLAB\R2013b\bin\win64\m_pcodeio.dll
0x000000006ce50000 - 0x000000006ceac000 	C:\Program Files\MATLAB\R2013b\bin\win64\m_ir.dll
0x0000000005c50000 - 0x0000000006305000 	C:\Program Files\MATLAB\R2013b\bin\win64\m_parser.dll
0x000000006c740000 - 0x000000006c768000 	C:\Program Files\MATLAB\R2013b\bin\win64\m_pcodegen.dll
0x000000006d2b0000 - 0x000000006d313000 	C:\Program Files\MATLAB\R2013b\bin\win64\libmwspmatrix.dll
0x00007ff8adb70000 - 0x00007ff8adcf8000 	C:\Windows\SYSTEM32\dbghelp.dll
0x0000000004100000 - 0x000000000410e000 	C:\Program Files\MATLAB\R2013b\bin\win64\nativejava_services.dll
0x000000006afb0000 - 0x000000006afb9000 	C:\Program Files\MATLAB\R2013b\bin\win64\uinone.dll
0x000000006af80000 - 0x000000006afac000 	C:\Program Files\MATLAB\R2013b\bin\win64\libmwnativedialogs.dll
0x00007ff8b8af0000 - 0x00007ff8b8b0b000 	C:\Windows\SYSTEM32\MPR.dll
0x0000000070110000 - 0x000000007013b000 	C:\Program Files\MATLAB\R2013b\bin\win64\ATL100.DLL
0x0000000006310000 - 0x0000000007432000 	C:\Program Files\MATLAB\R2013b\bin\win64\icudt49.dll
0x0000000007440000 - 0x00000000074f8000 	C:\Program Files\MATLAB\R2013b\bin\win64\libtex_base.dll
0x000000006b850000 - 0x000000006ba58000 	C:\Program Files\MATLAB\R2013b\bin\win64\hdf5dll.dll
0x000000006cf60000 - 0x000000006cf75000 	C:\Program Files\MATLAB\R2013b\bin\win64\libmwbinder.dll
0x000000006cf50000 - 0x000000006cf5b000 	C:\Program Files\MATLAB\R2013b\bin\win64\libmwompwrapper.dll
0x00007ff8c1740000 - 0x00007ff8c1747000 	C:\Windows\SYSTEM32\MSIMG32.dll
0x000000006d410000 - 0x000000006d420000 	C:\Program Files\MATLAB\R2013b\bin\win64\libmwmfl_rng.dll
0x0000000007500000 - 0x0000000007618000 	C:\Program Files\MATLAB\R2013b\bin\win64\libmwmathcore.dll
0x000000006c780000 - 0x000000006c797000 	C:\Program Files\MATLAB\R2013b\bin\win64\ir_xfmr.dll
0x000000006c770000 - 0x000000006c780000 	C:\Program Files\MATLAB\R2013b\bin\win64\mtok.dll
0x000000006af70000 - 0x000000006af7c000 	C:\Program Files\MATLAB\R2013b\bin\win64\libmwplatform_res.dll
0x00007ff8c1cf0000 - 0x00007ff8c1d91000 	C:\Windows\SYSTEM32\SHCORE.DLL
0x000000006cfc0000 - 0x000000006d01c000 	C:\Program Files\MATLAB\R2013b\bin\win64\libmwcholmod.dll
0x000000006cfb0000 - 0x000000006cfbc000 	C:\Program Files\MATLAB\R2013b\bin\win64\libmwamd.dll
0x000000006cfa0000 - 0x000000006cfab000 	C:\Program Files\MATLAB\R2013b\bin\win64\libmwcolamd.dll
0x000000006cf80000 - 0x000000006cf93000 	C:\Program Files\MATLAB\R2013b\bin\win64\libmwblas.dll
0x00007ff8c5680000 - 0x00007ff8c56b4000 	C:\Windows\system32\IMM32.DLL
0x00007ff8c5430000 - 0x00007ff8c5568000 	C:\Windows\system32\MSCTF.dll
0x00007ff8c1de0000 - 0x00007ff8c1f02000 	C:\Windows\SYSTEM32\UxTheme.dll
0x00007ff8c1460000 - 0x00007ff8c1481000 	C:\Windows\system32\dwmapi.dll
0x00000000091c0000 - 0x00000000091cd000 	C:\Program Files\MATLAB\R2013b\bin\win64\MFC100ENU.DLL
0x000000000ac10000 - 0x000000000ac7a000 	C:\Program Files\MATLAB\R2013b\bin\win64\MVMLocal.dll

VM Arguments:
jvm_args: -XX:PermSize=32m -Xms64m -XX:NewRatio=3 -XX:MaxPermSize=128m -Xmx384m -XX:MaxDirectMemorySize=2147400000 -Dsun.java2d.noddraw=true -Dsun.awt.nopixfmt=true -Xshare:off -Xrs -XX:-UseSplitVerifier -Djava.library.path=C:\Program Files\MATLAB\R2013b\bin\win64;C:\Program Files\MATLAB\R2013b\sys\jxbrowser\win64\lib vfprintf abort -Duser.language=de -Duser.country=CH -XX:ParallelGCThreads=6 
java_command: <unknown>
Launcher Type: generic

Environment Variables:
PATH=C:\Program Files\NVIDIA GPU Computing Toolkit\CUDA\v5.5\bin;C:\Program Files\NVIDIA GPU Computing Toolkit\CUDA\v5.5\libnvvp;C:\Windows\system32;C:\Windows;C:\Windows\System32\Wbem;C:\Windows\System32\WindowsPowerShell\v1.0\;C:\Program Files (x86)\Windows Kits\8.0\Windows Performance Toolkit\;C:\Program Files\Microsoft SQL Server\110\Tools\Binn\;C:\Program Files\MATLAB\R2013b\runtime\win64;C:\Program Files\MATLAB\R2013b\bin;C:\texlive\2013\bin\win32
USERNAME=Philipp
OS=Windows_NT
PROCESSOR_IDENTIFIER=Intel64 Family 6 Model 58 Stepping 9, GenuineIntel



---------------  S Y S T E M  ---------------

OS: Windows 8 , 64 bit Build 9200 

CPU:total 8 (4 cores per cpu, 2 threads per core) family 6 model 58 stepping 9, cmov, cx8, fxsr, mmx, sse, sse2, sse3, ssse3, sse4.1, sse4.2, popcnt, avx, ht, tsc, tscinvbit, tscinv

Memory: 4k page, physical 8041580k(3354420k free), swap 9286764k(4095140k free)

vm_info: Java HotSpot(TM) 64-Bit Server VM (23.6-b04) for windows-amd64 JRE (1.7.0_11-b21), built on Jan 12 2013 02:38:42 by "java_re" with unknown MS VC++:1600

time: Fri Jan 31 10:26:06 2014
elapsed time: 72373 seconds

